#
# A fatal error has been detected by the Java Runtime Environment:
#
#  EXCEPTION_ACCESS_VIOLATION (0xc0000005) at pc=0x000007fed85fecdd, pid=4972, tid=9144
#
# JRE version: Java(TM) SE Runtime Environment (8.0_91-b15) (build 1.8.0_91-b15)
# Java VM: Java HotSpot(TM) 64-Bit Server VM (25.91-b15 mixed mode windows-amd64 compressed oops)
# Problematic frame:
# C  [lwjgl_opengl.dll+0xecdd]
#
# Failed to write core dump. Minidumps are not enabled by default on client versions of Windows
#
# If you would like to submit a bug report, please visit:
#   http://bugreport.java.com/bugreport/crash.jsp
# The crash happened outside the Java Virtual Machine in native code.
# See problematic frame for where to report the bug.
#

---------------  T H R E A D  ---------------

Current thread (0x000000000029e000):  JavaThread "main" [_thread_in_native, id=9144, stack(0x0000000002410000,0x0000000002510000)]

siginfo: ExceptionCode=0xc0000005, reading address 0x0000000000000f00

Registers:
RAX=0x0000000052b37d50, RBX=0x000000001b749488, RCX=0x0000000000000001, RDX=0x000000001e0a30bc
RSP=0x000000000250f178, RBP=0x000000000250f200, RSI=0x000000076c5da520, RDI=0x00000000027e7e70
R8 =0x0000000000000001, R9 =0x000000001e0a30bc, R10=0x0000000000000000, R11=0x00000000525c9d90
R12=0x0000000000000000, R13=0x000000001b749488, R14=0x000000000250f230, R15=0x000000000029e000
RIP=0x000007fed85fecdd, EFLAGS=0x0000000000010202

Top of Stack: (sp=0x000000000250f178)
0x000000000250f178:   00000000027f7f54 00000000027e7e70
0x000000000250f188:   00000000027f7cbd 000000000029e000
0x000000000250f198:   000000001b749488 000000076c5da520
0x000000000250f1a8:   000000000029e000 000000000250f2a8
0x000000000250f1b8:   00000000027f7c82 000000000250f1c0
0x000000000250f1c8:   000000001b749488 000000000250f230
0x000000000250f1d8:   000000001b771028 0000000000000000
0x000000000250f1e8:   000000001b749488 0000000000000000
0x000000000250f1f8:   000000000250f220 000000000250f278
0x000000000250f208:   00000000027e835d 000000076cbe4678
0x000000000250f218:   00000000027f19d8 000000001e0a30bc
0x000000000250f228:   000000076cf49ab0 0000000000000001
0x000000000250f238:   000000000250f238 000000001b7495dc
0x000000000250f248:   000000000250f2a8 000000001b771028
0x000000000250f258:   0000000000000000 000000001b749640
0x000000000250f268:   000000000250f220 000000000250f2b0 

Instructions: (pc=0x000007fed85fecdd)
0x000007fed85fecbd:   00 41 8b c8 48 ff e0 cc cc cc cc cc cc cc cc cc
0x000007fed85feccd:   cc cc cc 48 8b 01 49 8b d1 41 8b c8 4c 8b 50 18
0x000007fed85fecdd:   49 ff a2 00 0f 00 00 cc cc cc cc cc cc cc cc cc
0x000007fed85feced:   cc cc cc 48 8b 01 49 8b d1 41 8b c8 4c 8b 50 18 


Register to memory mapping:

RAX=0x0000000052b37d50 is an unknown value
RBX={method} {0x000000001b749490} 'nglGenTextures' '(IJ)V' in 'org/lwjgl/opengl/GL11'
RCX=0x0000000000000001 is an unknown value
RDX=0x000000001e0a30bc is an unknown value
RSP=0x000000000250f178 is pointing into the stack for thread: 0x000000000029e000
RBP=0x000000000250f200 is pointing into the stack for thread: 0x000000000029e000
RSI=0x000000076c5da520 is an oop
java.lang.ThreadLocal$ThreadLocalMap 
 - klass: 'java/lang/ThreadLocal$ThreadLocalMap'
RDI=0x00000000027e7e70 is at code_begin+1040 in an Interpreter codelet
invoke return entry points  [0x00000000027e7a60, 0x00000000027e8440]  2528 bytes
R8 =0x0000000000000001 is an unknown value
R9 =0x000000001e0a30bc is an unknown value
R10=0x0000000000000000 is an unknown value
R11=0x00000000525c9d90 is an unknown value
R12=0x0000000000000000 is an unknown value
R13={method} {0x000000001b749490} 'nglGenTextures' '(IJ)V' in 'org/lwjgl/opengl/GL11'
R14=0x000000000250f230 is pointing into the stack for thread: 0x000000000029e000
R15=0x000000000029e000 is a thread


Stack: [0x0000000002410000,0x0000000002510000],  sp=0x000000000250f178,  free space=1020k
Native frames: (J=compiled Java code, j=interpreted, Vv=VM code, C=native code)
C  [lwjgl_opengl.dll+0xecdd]

Java frames: (J=compiled Java code, j=interpreted, Vv=VM code)
j  org.lwjgl.opengl.GL11.nglGenTextures(IJ)V+0
j  org.lwjgl.opengl.GL11.glGenTextures()I+20
j  plugins.quorum.Libraries.Game.Graphics.DesktopGraphics.glGenTexture()I+0
j  plugins.quorum.Libraries.Game.Graphics.Texture.CreateGLHandle()I+4
j  quorum.Libraries.Game.Graphics.Texture.CreateGLHandle()I+4
j  quorum.Libraries.Game.Graphics.Texture.LoadFromTextureData(Lquorum/Libraries/Game/Graphics/TextureData_;)V+19
j  quorum.Libraries.Game.Graphics.Texture.LoadRectangle(IILquorum/Libraries/Game/Graphics/Color_;)V+83
j  quorum.Libraries.Game.Graphics.Texture.LoadRectangle(II)V+22
j  quorum.Libraries.Game.Graphics.Drawable.LoadRectangle(II)V+21
j  quorum.Room.constructor_()V+74
j  quorum.Room.<init>()V+62
j  quorum.Main.<init>()V+60
j  quorum.Main.main([Ljava/lang/String;)V+8
v  ~StubRoutines::call_stub

---------------  P R O C E S S  ---------------

Java Threads: ( => current thread )
  0x000000001d4fe800 JavaThread "Service Thread" daemon [_thread_blocked, id=6812, stack(0x000000001dc60000,0x000000001dd60000)]
  0x000000001d483000 JavaThread "C1 CompilerThread2" daemon [_thread_blocked, id=9096, stack(0x000000001da10000,0x000000001db10000)]
  0x000000001d482000 JavaThread "C2 CompilerThread1" daemon [_thread_blocked, id=10448, stack(0x000000001d900000,0x000000001da00000)]
  0x000000001bbac000 JavaThread "C2 CompilerThread0" daemon [_thread_blocked, id=10320, stack(0x000000001d380000,0x000000001d480000)]
  0x000000001bba2000 JavaThread "Attach Listener" daemon [_thread_blocked, id=11200, stack(0x000000001d250000,0x000000001d350000)]
  0x000000001bba0800 JavaThread "Signal Dispatcher" daemon [_thread_blocked, id=4140, stack(0x000000001d100000,0x000000001d200000)]
  0x000000001bb89000 JavaThread "Finalizer" daemon [_thread_blocked, id=6040, stack(0x000000001cd90000,0x000000001ce90000)]
  0x000000001bb42000 JavaThread "Reference Handler" daemon [_thread_blocked, id=4464, stack(0x000000001cec0000,0x000000001cfc0000)]
=>0x000000000029e000 JavaThread "main" [_thread_in_native, id=9144, stack(0x0000000002410000,0x0000000002510000)]

Other Threads:
  0x000000001bb3a800 VMThread [stack: 0x000000001cc00000,0x000000001cd00000] [id=7224]
  0x000000001d4c0000 WatcherThread [stack: 0x000000001de50000,0x000000001df50000] [id=5868]

VM state:not at safepoint (normal execution)

VM Mutex/Monitor currently owned by a thread: None

Heap:
 PSYoungGen      total 75264K, used 10422K [0x000000076c580000, 0x0000000771980000, 0x00000007c0000000)
  eden space 64512K, 16% used [0x000000076c580000,0x000000076cfadb38,0x0000000770480000)
  from space 10752K, 0% used [0x0000000770f00000,0x0000000770f00000,0x0000000771980000)
  to   space 10752K, 0% used [0x0000000770480000,0x0000000770480000,0x0000000770f00000)
 ParOldGen       total 172032K, used 0K [0x00000006c5000000, 0x00000006cf800000, 0x000000076c580000)
  object space 172032K, 0% used [0x00000006c5000000,0x00000006c5000000,0x00000006cf800000)
 Metaspace       used 7150K, capacity 7376K, committed 7552K, reserved 1056768K
  class space    used 735K, capacity 827K, committed 896K, reserved 1048576K

Card table byte_map: [0x0000000011ba0000,0x0000000012380000] byte_map_base: 0x000000000e578000

Marking Bits: (ParMarkBitMap*) 0x0000000052bb2f70
 Begin Bits: [0x0000000012c50000, 0x0000000016b10000)
 End Bits:   [0x0000000016b10000, 0x000000001a9d0000)

Polling page: 0x0000000000150000

CodeCache: size=245760Kb used=2195Kb max_used=2195Kb free=243564Kb
 bounds [0x00000000027e0000, 0x0000000002a50000, 0x00000000117e0000]
 total_blobs=860 nmethods=498 adapters=275
 compilation: enabled

Compilation events (10 events):
Event: 0.369 Thread 0x000000001d483000  494       3       java.util.zip.ZipEntry::<init> (43 bytes)
Event: 0.369 Thread 0x000000001d483000 nmethod 494 0x00000000029fdd50 code [0x00000000029fdea0, 0x00000000029fe0b0]
Event: 0.369 Thread 0x000000001d483000  495       3       java.util.zip.ZipEntry::setExtra0 (360 bytes)
Event: 0.370 Thread 0x000000001d483000 nmethod 495 0x00000000029fe150 code [0x00000000029fe400, 0x00000000029ff128]
Event: 0.372 Thread 0x000000001d483000  497       3       java.util.WeakHashMap::put (162 bytes)
Event: 0.373 Thread 0x000000001d483000 nmethod 497 0x00000000029ff710 code [0x00000000029ff940, 0x0000000002a007f8]
Event: 0.373 Thread 0x000000001d483000  496       3       java.io.FilterInputStream::<init> (10 bytes)
Event: 0.373 Thread 0x000000001d483000 nmethod 496 0x0000000002a00e90 code [0x0000000002a01000, 0x0000000002a01250]
Event: 0.374 Thread 0x000000001d483000  498   !   3       sun.misc.URLClassPath$JarLoader::getResource (349 bytes)
Event: 0.376 Thread 0x000000001d483000 nmethod 498 0x0000000002a01350 code [0x0000000002a017a0, 0x0000000002a038a8]

GC Heap History (0 events):
No events

Deoptimization events (0 events):
No events

Internal exceptions (10 events):
Event: 0.289 Thread 0x000000000029e000 Exception <a 'java/lang/NoSuchFieldError': method resolution failed> (0x000000076cd170b8) thrown at [C:\re\workspace\8-2-build-windows-amd64-cygwin\jdk8u91\7017\hotspot\src\share\vm\prims\methodHandles.cpp, line 1146]
Event: 0.322 Thread 0x000000000029e000 Exception <a 'java/lang/NoSuchMethodError': java.lang.Object.lambda$static$0(Ljava/lang/String;)Ljava/lang/Boolean;> (0x000000076ce21540) thrown at [C:\re\workspace\8-2-build-windows-amd64-cygwin\jdk8u91\7017\hotspot\src\share\vm\interpreter\linkResolver.cŸ"ò×[ÿÔ?
Event: 0.328 Thread 0x000000000029e000 Exception <a 'java/security/PrivilegedActionException'> (0x000000076ce4e2e8) thrown at [C:\re\workspace\8-2-build-windows-amd64-cygwin\jdk8u91\7017\hotspot\src\share\vm\prims\jvm.cpp, line 1386]
Event: 0.328 Thread 0x000000000029e000 Exception <a 'java/security/PrivilegedActionException'> (0x000000076ce4e6e0) thrown at [C:\re\workspace\8-2-build-windows-amd64-cygwin\jdk8u91\7017\hotspot\src\share\vm\prims\jvm.cpp, line 1386]
Event: 0.329 Thread 0x000000000029e000 Exception <a 'java/security/PrivilegedActionException'> (0x000000076ce52710) thrown at [C:\re\workspace\8-2-build-windows-amd64-cygwin\jdk8u91\7017\hotspot\src\share\vm\prims\jvm.cpp, line 1386]
Event: 0.329 Thread 0x000000000029e000 Exception <a 'java/security/PrivilegedActionException'> (0x000000076ce52b08) thrown at [C:\re\workspace\8-2-build-windows-amd64-cygwin\jdk8u91\7017\hotspot\src\share\vm\prims\jvm.cpp, line 1386]
Event: 0.364 Thread 0x000000000029e000 Exception <a 'sun/nio/fs/WindowsException'> (0x000000076ceb4270) thrown at [C:\re\workspace\8-2-build-windows-amd64-cygwin\jdk8u91\7017\hotspot\src\share\vm\prims\jni.cpp, line 709]
Event: 0.364 Thread 0x000000000029e000 Exception <a 'sun/nio/fs/WindowsException'> (0x000000076ceb4a40) thrown at [C:\re\workspace\8-2-build-windows-amd64-cygwin\jdk8u91\7017\hotspot\src\share\vm\prims\jni.cpp, line 709]
Event: 0.364 Thread 0x000000000029e000 Exception <a 'sun/nio/fs/WindowsException'> (0x000000076ceb5718) thrown at [C:\re\workspace\8-2-build-windows-amd64-cygwin\jdk8u91\7017\hotspot\src\share\vm\prims\jni.cpp, line 709]
Event: 0.365 Thread 0x000000000029e000 Exception <a 'sun/nio/fs/WindowsException'> (0x000000076ceb5d30) thrown at [C:\re\workspace\8-2-build-windows-amd64-cygwin\jdk8u91\7017\hotspot\src\share\vm\prims\jni.cpp, line 709]

Events (10 events):
Event: 0.374 loading class org/lwjgl/system/MemoryAccess$MemoryAccessorJNI
Event: 0.374 loading class org/lwjgl/system/MemoryAccess$MemoryAccessorJNI done
Event: 0.374 loading class org/lwjgl/system/windows/WinBase
Event: 0.374 loading class org/lwjgl/system/windows/WinBase done
Event: 0.377 loading class org/lwjgl/opengl/GL$1
Event: 0.377 loading class org/lwjgl/opengl/GL$1 done
Event: 0.377 loading class org/lwjgl/opengl/GL$SharedLibraryGL
Event: 0.377 loading class org/lwjgl/opengl/GL$SharedLibraryGL done
Event: 0.378 loading class org/lwjgl/system/SharedLibrary$Delegate
Event: 0.378 loading class org/lwjgl/system/SharedLibrary$Delegate done


Dynamic libraries:
0x000000013f8e0000 - 0x000000013f917000 	C:\Program Files\Java\jdk1.8.0_91\jre\bin\java.exe
0x0000000077660000 - 0x000000007780a000 	C:\Windows\SYSTEM32\ntdll.dll
0x000007fef0f00000 - 0x000007fef0f34000 	C:\Program Files\AVAST Software\Avast\x64\aswhooka.dll
0x0000000077540000 - 0x000000007765f000 	C:\Windows\system32\kernel32.dll
0x000007fefd570000 - 0x000007fefd5da000 	C:\Windows\system32\KERNELBASE.dll
0x000007feff770000 - 0x000007feff84b000 	C:\Windows\system32\ADVAPI32.dll
0x000007fefdfa0000 - 0x000007fefe03f000 	C:\Windows\system32\msvcrt.dll
0x000007fefdc40000 - 0x000007fefdc5f000 	C:\Windows\SYSTEM32\sechost.dll
0x000007fefe040000 - 0x000007fefe16d000 	C:\Windows\system32\RPCRT4.dll
0x0000000077440000 - 0x000000007753a000 	C:\Windows\system32\USER32.dll
0x000007feff090000 - 0x000007feff0f7000 	C:\Windows\system32\GDI32.dll
0x000007feff100000 - 0x000007feff10e000 	C:\Windows\system32\LPK.dll
0x000007feff6a0000 - 0x000007feff76b000 	C:\Windows\system32\USP10.dll
0x000007fefb7f0000 - 0x000007fefb9e4000 	C:\Windows\WinSxS\amd64_microsoft.windows.common-controls_6595b64144ccf1df_6.0.7601.18837_none_fa3b1e3d17594757\COMCTL32.dll
0x000007feff8f0000 - 0x000007feff961000 	C:\Windows\system32\SHLWAPI.dll
0x000007feff670000 - 0x000007feff69e000 	C:\Windows\system32\IMM32.DLL
0x000007feff3f0000 - 0x000007feff4f9000 	C:\Windows\system32\MSCTF.dll
0x0000000068900000 - 0x00000000689d2000 	C:\Program Files\Java\jdk1.8.0_91\jre\bin\msvcr100.dll
0x00000000523a0000 - 0x0000000052c33000 	C:\Program Files\Java\jdk1.8.0_91\jre\bin\server\jvm.dll
0x000007feeb350000 - 0x000007feeb359000 	C:\Windows\system32\WSOCK32.dll
0x000007fefdf30000 - 0x000007fefdf7d000 	C:\Windows\system32\WS2_32.dll
0x000007feff660000 - 0x000007feff668000 	C:\Windows\system32\NSI.dll
0x000007fef89e0000 - 0x000007fef8a1b000 	C:\Windows\system32\WINMM.dll
0x000007fefc400000 - 0x000007fefc40c000 	C:\Windows\system32\VERSION.dll
0x0000000077820000 - 0x0000000077827000 	C:\Windows\system32\PSAPI.DLL
0x0000000072cd0000 - 0x0000000072cdf000 	C:\Program Files\Java\jdk1.8.0_91\jre\bin\verify.dll
0x0000000072ca0000 - 0x0000000072cc9000 	C:\Program Files\Java\jdk1.8.0_91\jre\bin\java.dll
0x0000000072c80000 - 0x0000000072c96000 	C:\Program Files\Java\jdk1.8.0_91\jre\bin\zip.dll
0x000007fefe300000 - 0x000007feff08a000 	C:\Windows\system32\SHELL32.dll
0x000007fefda40000 - 0x000007fefdc3c000 	C:\Windows\system32\ole32.dll
0x000007fefd360000 - 0x000007fefd36f000 	C:\Windows\system32\profapi.dll
0x000007fed30b0000 - 0x000007fed3228000 	C:\Users\t410\Documents\NetBeansProjects\GetOut\GetOut\Run\jni\libGameEngineCPlugins64.dll
0x000007fef8490000 - 0x000007fef8493000 	C:\Windows\system32\api-ms-win-core-synch-l1-2-0.DLL
0x00000000729f0000 - 0x0000000072a0a000 	C:\Program Files\Java\jdk1.8.0_91\jre\bin\net.dll
0x000007fefcc10000 - 0x000007fefcc65000 	C:\Windows\system32\mswsock.dll
0x000007fefcc00000 - 0x000007fefcc07000 	C:\Windows\System32\wship6.dll
0x00000000728e0000 - 0x00000000728f1000 	C:\Program Files\Java\jdk1.8.0_91\jre\bin\nio.dll
0x000007fed8650000 - 0x000007fed86a7000 	C:\Users\t410\AppData\Local\Temp\lwjglt410\3.1.2-build-29\lwjgl.dll
0x000007fed85f0000 - 0x000007fed864c000 	C:\Users\t410\AppData\Local\Temp\lwjglt410\3.1.2-build-29\lwjgl_opengl.dll
0x000007feec700000 - 0x000007feec81d000 	C:\Windows\system32\opengl32.dll
0x000007feec6d0000 - 0x000007feec6fd000 	C:\Windows\system32\GLU32.dll
0x000007feec5d0000 - 0x000007feec6c1000 	C:\Windows\system32\DDRAW.dll
0x000007feec5c0000 - 0x000007feec5c8000 	C:\Windows\system32\DCIMAN32.dll
0x000007feff1b0000 - 0x000007feff387000 	C:\Windows\system32\SETUPAPI.dll
0x000007fefd520000 - 0x000007fefd556000 	C:\Windows\system32\CFGMGR32.dll
0x000007feff580000 - 0x000007feff65a000 	C:\Windows\system32\OLEAUT32.dll
0x000007fefd6e0000 - 0x000007fefd6fa000 	C:\Windows\system32\DEVOBJ.dll
0x000007fef9be0000 - 0x000007fef9bf8000 	C:\Windows\system32\dwmapi.dll
0x000007fef90f0000 - 0x000007fef9215000 	C:\Windows\system32\dbghelp.dll

VM Arguments:
jvm_args: -Dsodbeans=1 
java_command: Run/Default.jar
java_class_path (initial): Run/Default.jar
Launcher Type: SUN_STANDARD

Environment Variables:
PATH=C:\Program Files (x86)\Common Files\Oracle\Java\javapath;C:\mingw\bin;C:\mingw\bin;C:\mingw\bin;c:\Quorum;C:\Users\t410\gcc\bin;C:\Users\t410\gcc\libexec\gcc\x86_64-pc-mingw32\6.2.0;C:\ProgramData\Oracle\Java\javapath;C:\Windows\system32;C:\Windows;C:\Windows\System32\Wbem;C:\Windows\System32\WindowsPowerShell\v1.0\;C:\Program Files (x86)\Common Files\Acronis\SnapAPI\;C:\Windows\system32\config\systemprofile\.dnx\bin;C:\Program Files\Microsoft DNX\Dnvm\;C:\Program Files\Microsoft SQL Server\130\Tools\Binn\;C:\Program Files (x86)\Skype\Phone\;C:\Program Files (x86)\PuTTY\;C:\Program Files\Git\cmd;C:\Users\t410\AppData\Local\Programs\Python\Python36\Scripts\;C:\Users\t410\AppData\Local\Programs\Python\Python36\;C:\Program Files (x86)\Common Files\Acronis\TibMounter64
USERNAME=t410
OS=Windows_NT
PROCESSOR_IDENTIFIER=Intel64 Family 6 Model 58 Stepping 9, GenuineIntel



---------------  S Y S T E M  ---------------

OS: Windows 7 , 64 bit Build 7601 (6.1.7601.23915)

CPU:total 4 (2 cores per cpu, 2 threads per core) family 6 model 58 stepping 9, cmov, cx8, fxsr, mmx, sse, sse2, sse3, ssse3, sse4.1, sse4.2, popcnt, avx, aes, clmul, erms, ht, tsc, tscinvbit, tscinv

Memory: 4k page, physical 16448800k(10010812k free), swap 32895740k(25821752k free)

vm_info: Java HotSpot(TM) 64-Bit Server VM (25.91-b15) for windows-amd64 JRE (1.8.0_91-b15), built on May 20 2016 17:43:15 by "java_re" with MS VC++ 10.0 (VS2010)

time: Wed Jul 18 11:25:51 2018
elapsed time: 0 seconds (0d 0h 0m 0s)

